{"content": {"suites": {"0": {"status": {"total_pass": 0, "total_skip": 0, "total_xpass": 0, "total_xfail": 0, "total_rerun": 0, "total_fail": 2, "total_error": 0}, "tests": {"0": {"status": "FAIL", "message": "   selenium.common.exceptions.ElementClickInterceptedException: Message: element click intercepted: Element <a class=\"_1_3w1N\" href=\"/account/login?ret=/\">...</a> is not clickable at point (814, 27). Other element would receive the click: <div class=\"_2hriZF _2rbIyg\" tabindex=\"-1\">...</div>\n     (Session info: chrome=105.0.5195.127)\n   Stacktrace:\n   Backtrace:\n   \tOrdinal0 [0x00CCDF13+2219795]\n   \tOrdinal0 [0x00C62841+1779777]\n   \tOrdinal0 [0x00B7423D+803389]\n   \tOrdinal0 [0x00BA99D4+1022420]\n   \tOrdinal0 [0x00BA78C4+1013956]\n   \tOrdinal0 [0x00BA54AB+1004715]\n   \tOrdinal0 [0x00BA4117+999703]\n   \tOrdinal0 [0x00B99B76+957302]\n   \tOrdinal0 [0x00BBE7FC+1107964]\n   \tOrdinal0 [0x00B994B4+955572]\n   \tOrdinal0 [0x00BBEA14+1108500]\n   \tOrdinal0 [0x00BCF192+1175954]\n   \tOrdinal0 [0x00BBE616+1107478]\n   \tOrdinal0 [0x00B97F89+950153]\n   \tOrdinal0 [0x00B98F56+954198]\n   \tGetHandleVerifier [0x00FC2CB2+3040210]\n   \tGetHandleVerifier [0x00FB2BB4+2974420]\n   \tGetHandleVerifier [0x00D66A0A+565546]\n   \tGetHandleVerifier [0x00D65680+560544]\n   \tOrdinal0 [0x00C69A5C+1808988]\n   \tOrdinal0 [0x00C6E3A8+1827752]\n   \tOrdinal0 [0x00C6E495+1827989]\n   \tOrdinal0 [0x00C780A4+1867940]\n   \tBaseThreadInitThunk [0x76FAFA29+25]\n   \tRtlGetAppContainerNamedObjectPath [0x77787B5E+286]\n   \tRtlGetAppContainerNamedObjectPath [0x77787B2E+238]\n", "test_name": "test_action1[multi_data0]", "rerun": "0"}, "1": {"status": "FAIL", "message": "   selenium.common.exceptions.ElementClickInterceptedException: Message: element click intercepted: Element <a class=\"_1_3w1N\" href=\"/account/login?ret=/\">...</a> is not clickable at point (814, 27). Other element would receive the click: <div class=\"_2hriZF _2rbIyg\" tabindex=\"-1\">...</div>\n     (Session info: chrome=105.0.5195.127)\n   Stacktrace:\n   Backtrace:\n   \tOrdinal0 [0x00CCDF13+2219795]\n   \tOrdinal0 [0x00C62841+1779777]\n   \tOrdinal0 [0x00B7423D+803389]\n   \tOrdinal0 [0x00BA99D4+1022420]\n   \tOrdinal0 [0x00BA78C4+1013956]\n   \tOrdinal0 [0x00BA54AB+1004715]\n   \tOrdinal0 [0x00BA4117+999703]\n   \tOrdinal0 [0x00B99B76+957302]\n   \tOrdinal0 [0x00BBE7FC+1107964]\n   \tOrdinal0 [0x00B994B4+955572]\n   \tOrdinal0 [0x00BBEA14+1108500]\n   \tOrdinal0 [0x00BCF192+1175954]\n   \tOrdinal0 [0x00BBE616+1107478]\n   \tOrdinal0 [0x00B97F89+950153]\n   \tOrdinal0 [0x00B98F56+954198]\n   \tGetHandleVerifier [0x00FC2CB2+3040210]\n   \tGetHandleVerifier [0x00FB2BB4+2974420]\n   \tGetHandleVerifier [0x00D66A0A+565546]\n   \tGetHandleVerifier [0x00D65680+560544]\n   \tOrdinal0 [0x00C69A5C+1808988]\n   \tOrdinal0 [0x00C6E3A8+1827752]\n   \tOrdinal0 [0x00C6E495+1827989]\n   \tOrdinal0 [0x00C780A4+1867940]\n   \tBaseThreadInitThunk [0x76FAFA29+25]\n   \tRtlGetAppContainerNamedObjectPath [0x77787B5E+286]\n   \tRtlGetAppContainerNamedObjectPath [0x77787B2E+238]\n", "test_name": "test_action1[multi_data1]", "rerun": "0"}}, "suite_name": "Test_loginpage.py"}}}, "date": "October 11, 2022", "start_time": 1665468730.6353586, "total_suite": 1, "status": "FAIL", "status_list": {"pass": "0", "fail": "2", "skip": "0", "error": "0", "xpass": "0", "xfail": "0", "rerun": "0"}, "total_tests": "2"}